Jul-15 19:21:24.569 [main] DEBUG nextflow.cli.Launcher - $> /home/kevin/bin/nextflow run mnist.nf
Jul-15 19:21:24.656 [main] INFO  nextflow.cli.CmdRun - N E X T F L O W  ~  version 0.24.4
Jul-15 19:21:24.663 [main] INFO  nextflow.cli.CmdRun - Launching `mnist.nf` [modest_morse] - revision: d3c44e7e6a
Jul-15 19:21:24.672 [main] DEBUG nextflow.config.ConfigBuilder - Found config local: nextflow.config
Jul-15 19:21:24.674 [main] DEBUG nextflow.config.ConfigBuilder - Parsing config file: /home/kevin/MNIST_Nextflow/nextflow.config
Jul-15 19:21:24.924 [main] DEBUG nextflow.config.ConfigBuilder - Setting config profile: 'standard'
Jul-15 19:21:24.988 [main] DEBUG nextflow.Session - Session uuid: 85ae018a-4ccb-4fbf-8e44-b9221c817442
Jul-15 19:21:24.988 [main] DEBUG nextflow.Session - Run name: modest_morse
Jul-15 19:21:24.990 [main] DEBUG nextflow.Session - Executor pool size: 8
Jul-15 19:21:25.002 [main] DEBUG nextflow.cli.CmdRun - 
  Version: 0.24.4 build 4341
  Modified: 22-05-2017 11:18 UTC (13:18 CEST)
  System: Linux 4.9.0-040900-generic
  Runtime: Groovy 2.4.10 on Java HotSpot(TM) 64-Bit Server VM 1.8.0_131-b11
  Encoding: UTF-8 (UTF-8)
  Process: 8885@kevin-XPS-15-9550 [127.0.1.1]
  CPUs: 8 - Mem: 15.5 GB (1.5 GB) - Swap: 14.6 GB (14.2 GB)
Jul-15 19:21:25.027 [main] DEBUG nextflow.Session - Work-dir: /home/kevin/MNIST_Nextflow/work [ext2/ext3]
Jul-15 19:21:25.028 [main] DEBUG nextflow.Session - Script base path does not exist or is not a directory: /home/kevin/MNIST_Nextflow/bin
Jul-15 19:21:25.102 [main] DEBUG nextflow.Session - Session start invoked
Jul-15 19:21:25.105 [main] DEBUG nextflow.processor.TaskDispatcher - Dispatcher > start
Jul-15 19:21:25.105 [main] DEBUG nextflow.script.ScriptRunner - > Script parsing
Jul-15 19:21:25.207 [main] DEBUG nextflow.script.ScriptRunner - > Launching execution
Jul-15 19:21:25.263 [main] DEBUG nextflow.processor.ProcessFactory - << taskConfig executor: null
Jul-15 19:21:25.264 [main] DEBUG nextflow.processor.ProcessFactory - >> processorType: 'local'
Jul-15 19:21:25.270 [main] DEBUG nextflow.executor.Executor - Initializing executor: local
Jul-15 19:21:25.272 [main] INFO  nextflow.executor.Executor - [warm up] executor > local
Jul-15 19:21:25.277 [main] DEBUG n.processor.LocalPollingMonitor - Creating local task monitor for executor 'local' > cpus=8; memory=15.5 GB; capacity=8; pollInterval=100ms; dumpInterval=5m
Jul-15 19:21:25.280 [main] DEBUG nextflow.processor.TaskDispatcher - Starting monitor: LocalPollingMonitor
Jul-15 19:21:25.280 [main] DEBUG n.processor.TaskPollingMonitor - >>> barrier register (monitor: local)
Jul-15 19:21:25.283 [main] DEBUG nextflow.executor.Executor - Invoke register for executor: local
Jul-15 19:21:25.369 [main] DEBUG nextflow.Session - >>> barrier register (process: runTensorflow)
Jul-15 19:21:25.381 [main] DEBUG nextflow.processor.TaskProcessor - Creating operator > runTensorflow -- maxForks: 8
Jul-15 19:21:25.407 [main] DEBUG nextflow.script.ScriptRunner - > Await termination 
Jul-15 19:21:25.408 [main] DEBUG nextflow.Session - Session await
Jul-15 19:21:25.532 [Actor Thread 1] DEBUG nextflow.processor.TaskProcessor - <runTensorflow> Poison pill arrived
Jul-15 19:21:25.535 [Actor Thread 2] DEBUG nextflow.processor.StateObj - <runTensorflow> State before poison: StateObj[submitted: 1; completed: 0; poisoned: false ]
Jul-15 19:21:25.632 [Actor Thread 3] INFO  nextflow.Session - [8e/dc728f] Submitted process > runTensorflow
Jul-15 19:21:25.634 [Actor Thread 1] DEBUG nextflow.processor.TaskProcessor - <runTensorflow> After stop
Jul-15 19:21:29.395 [Actor Thread 2] DEBUG nextflow.processor.TaskProcessor - <runTensorflow> Sending poison pills and terminating process
Jul-15 19:21:29.396 [Actor Thread 2] DEBUG nextflow.Session - <<< barrier arrive (process: runTensorflow)
Jul-15 19:21:29.397 [main] DEBUG nextflow.Session - Session await > all process finished
Jul-15 19:21:29.477 [Thread-1] DEBUG n.processor.TaskPollingMonitor - <<< barrier arrives (monitor: local)
Jul-15 19:21:29.478 [main] DEBUG nextflow.Session - Session await > all barriers passed
Jul-15 19:21:29.495 [main] DEBUG nextflow.CacheDB - Closing CacheDB done
Jul-15 19:21:29.507 [main] DEBUG nextflow.script.ScriptRunner - > Execution complete -- Goodbye
